# JRE version: OpenJDK Runtime Environment Temurin-17.0.12+7 (17.0.12+7) (build 17.0.12+7)
# Java VM: OpenJDK 64-Bit Server VM Temurin-17.0.12+7 (17.0.12+7, mixed mode, emulated-client, tiered, compressed oops, compressed class ptrs, g1 gc, windows-amd64)
GC Precious Log:
 CPUs: 4 total, 4 available
 Memory: 8103M
 Large Page Support: Disabled
 NUMA Support: Disabled
 Compressed Oops: Enabled (32-bit)
 Heap Region Size: 1M
 Heap Min Capacity: 8M
 Heap Initial Capacity: 128M
 Heap Max Capacity: 1G
 Pre-touch: Disabled
 Parallel Workers: 4
 Concurrent Workers: 1
 Concurrent Refinement Workers: 4
 Periodic GC: Disabled
Heap:
 garbage-first heap   total 78848K, used 27162K [0x00000000c0000000, 0x0000000100000000)
  region size 1024K, 1 young (1024K), 0 survivors (0K)
 Metaspace       used 50015K, committed 50752K, reserved 1114112K
  class space    used 6287K, committed 6592K, reserved 1048576K
GC Heap History (20 events):
Event: 6498.124 GC heap after
{Heap after GC invocations=627 (full 616):
 garbage-first heap   total 78848K, used 27162K [0x00000000c0000000, 0x0000000100000000)
  region size 1024K, 0 young (0K), 0 survivors (0K)
 Metaspace       used 50015K, committed 50752K, reserved 1114112K
  class space    used 6287K, committed 6592K, reserved 1048576K
}
Event: 6508.366 GC heap before
{Heap before GC invocations=627 (full 616):
 garbage-first heap   total 78848K, used 27162K [0x00000000c0000000, 0x0000000100000000)
  region size 1024K, 1 young (1024K), 0 survivors (0K)
 Metaspace       used 50015K, committed 50752K, reserved 1114112K
  class space    used 6287K, committed 6592K, reserved 1048576K
}
Event: 6508.398 GC heap after
{Heap after GC invocations=628 (full 617):
 garbage-first heap   total 78848K, used 27162K [0x00000000c0000000, 0x0000000100000000)
  region size 1024K, 0 young (0K), 0 survivors (0K)
 Metaspace       used 50015K, committed 50752K, reserved 1114112K
  class space    used 6287K, committed 6592K, reserved 1048576K
}
Event: 6518.644 GC heap before
{Heap before GC invocations=628 (full 617):
 garbage-first heap   total 78848K, used 27162K [0x00000000c0000000, 0x0000000100000000)
  region size 1024K, 1 young (1024K), 0 survivors (0K)
 Metaspace       used 50015K, committed 50752K, reserved 1114112K
  class space    used 6287K, committed 6592K, reserved 1048576K
}
Event: 6518.675 GC heap after
{Heap after GC invocations=629 (full 618):
 garbage-first heap   total 78848K, used 27162K [0x00000000c0000000, 0x0000000100000000)
  region size 1024K, 0 young (0K), 0 survivors (0K)
 Metaspace       used 50015K, committed 50752K, reserved 1114112K
  class space    used 6287K, committed 6592K, reserved 1048576K
}
Event: 6528.986 GC heap before
{Heap before GC invocations=629 (full 618):
 garbage-first heap   total 78848K, used 27162K [0x00000000c0000000, 0x0000000100000000)
  region size 1024K, 1 young (1024K), 0 survivors (0K)
 Metaspace       used 50015K, committed 50752K, reserved 1114112K
  class space    used 6287K, committed 6592K, reserved 1048576K
}
Event: 6529.022 GC heap after
{Heap after GC invocations=630 (full 619):
 garbage-first heap   total 78848K, used 27162K [0x00000000c0000000, 0x0000000100000000)
  region size 1024K, 0 young (0K), 0 survivors (0K)
 Metaspace       used 50015K, committed 50752K, reserved 1114112K
  class space    used 6287K, committed 6592K, reserved 1048576K
}
Event: 6539.351 GC heap before
{Heap before GC invocations=630 (full 619):
 garbage-first heap   total 78848K, used 27162K [0x00000000c0000000, 0x0000000100000000)
  region size 1024K, 1 young (1024K), 0 survivors (0K)
 Metaspace       used 50015K, committed 50752K, reserved 1114112K
  class space    used 6287K, committed 6592K, reserved 1048576K
}
Event: 6539.399 GC heap after
{Heap after GC invocations=631 (full 620):
 garbage-first heap   total 78848K, used 27162K [0x00000000c0000000, 0x0000000100000000)
  region size 1024K, 0 young (0K), 0 survivors (0K)
 Metaspace       used 50015K, committed 50752K, reserved 1114112K
  class space    used 6287K, committed 6592K, reserved 1048576K
}
Event: 6550.241 GC heap before
{Heap before GC invocations=631 (full 620):
 garbage-first heap   total 78848K, used 27162K [0x00000000c0000000, 0x0000000100000000)
  region size 1024K, 1 young (1024K), 0 survivors (0K)
 Metaspace       used 50015K, committed 50752K, reserved 1114112K
  class space    used 6287K, committed 6592K, reserved 1048576K
}
Event: 6550.288 GC heap after
{Heap after GC invocations=632 (full 621):
 garbage-first heap   total 78848K, used 27162K [0x00000000c0000000, 0x0000000100000000)
  region size 1024K, 0 young (0K), 0 survivors (0K)
 Metaspace       used 50015K, committed 50752K, reserved 1114112K
  class space    used 6287K, committed 6592K, reserved 1048576K
}
Event: 6560.554 GC heap before
{Heap before GC invocations=632 (full 621):
 garbage-first heap   total 78848K, used 27162K [0x00000000c0000000, 0x0000000100000000)
  region size 1024K, 1 young (1024K), 0 survivors (0K)
 Metaspace       used 50015K, committed 50752K, reserved 1114112K
  class space    used 6287K, committed 6592K, reserved 1048576K
}
Event: 6560.595 GC heap after
{Heap after GC invocations=633 (full 622):
 garbage-first heap   total 78848K, used 27162K [0x00000000c0000000, 0x0000000100000000)
  region size 1024K, 0 young (0K), 0 survivors (0K)
 Metaspace       used 50015K, committed 50752K, reserved 1114112K
  class space    used 6287K, committed 6592K, reserved 1048576K
}
Event: 6570.821 GC heap before
{Heap before GC invocations=633 (full 622):
 garbage-first heap   total 78848K, used 27162K [0x00000000c0000000, 0x0000000100000000)
  region size 1024K, 1 young (1024K), 0 survivors (0K)
 Metaspace       used 50015K, committed 50752K, reserved 1114112K
  class space    used 6287K, committed 6592K, reserved 1048576K
}
Event: 6570.851 GC heap after
{Heap after GC invocations=634 (full 623):
 garbage-first heap   total 78848K, used 27162K [0x00000000c0000000, 0x0000000100000000)
  region size 1024K, 0 young (0K), 0 survivors (0K)
 Metaspace       used 50015K, committed 50752K, reserved 1114112K
  class space    used 6287K, committed 6592K, reserved 1048576K
}
Event: 6581.172 GC heap before
{Heap before GC invocations=634 (full 623):
 garbage-first heap   total 78848K, used 27162K [0x00000000c0000000, 0x0000000100000000)
  region size 1024K, 1 young (1024K), 0 survivors (0K)
 Metaspace       used 50015K, committed 50752K, reserved 1114112K
  class space    used 6287K, committed 6592K, reserved 1048576K
}
Event: 6581.225 GC heap after
{Heap after GC invocations=635 (full 624):
 garbage-first heap   total 78848K, used 27162K [0x00000000c0000000, 0x0000000100000000)
  region size 1024K, 0 young (0K), 0 survivors (0K)
 Metaspace       used 50015K, committed 50752K, reserved 1114112K
  class space    used 6287K, committed 6592K, reserved 1048576K
}
Event: 6591.591 GC heap before
{Heap before GC invocations=635 (full 624):
 garbage-first heap   total 78848K, used 27162K [0x00000000c0000000, 0x0000000100000000)
  region size 1024K, 1 young (1024K), 0 survivors (0K)
 Metaspace       used 50015K, committed 50752K, reserved 1114112K
  class space    used 6287K, committed 6592K, reserved 1048576K
}
Event: 6591.637 GC heap after
{Heap after GC invocations=636 (full 625):
 garbage-first heap   total 78848K, used 27162K [0x00000000c0000000, 0x0000000100000000)
  region size 1024K, 0 young (0K), 0 survivors (0K)
 Metaspace       used 50015K, committed 50752K, reserved 1114112K
  class space    used 6287K, committed 6592K, reserved 1048576K
}
Event: 6602.838 GC heap before
{Heap before GC invocations=636 (full 625):
 garbage-first heap   total 78848K, used 27162K [0x00000000c0000000, 0x0000000100000000)
  region size 1024K, 1 young (1024K), 0 survivors (0K)
 Metaspace       used 50015K, committed 50752K, reserved 1114112K
  class space    used 6287K, committed 6592K, reserved 1048576K
}

