# JRE version: OpenJDK Runtime Environment Temurin-17.0.12+7 (17.0.12+7) (build 17.0.12+7)
# Java VM: OpenJDK 64-Bit Server VM Temurin-17.0.12+7 (17.0.12+7, mixed mode, emulated-client, tiered, compressed oops, compressed class ptrs, g1 gc, windows-amd64)
GC Precious Log:
 CPUs: 4 total, 4 available
 Memory: 8103M
 Large Page Support: Disabled
 NUMA Support: Disabled
 Compressed Oops: Enabled (32-bit)
 Heap Region Size: 1M
 Heap Min Capacity: 8M
 Heap Initial Capacity: 128M
 Heap Max Capacity: 1G
 Pre-touch: Disabled
 Parallel Workers: 4
 Concurrent Workers: 1
 Concurrent Refinement Workers: 4
 Periodic GC: Disabled
Heap:
 garbage-first heap   total 75776K, used 25248K [0x00000000c0000000, 0x0000000100000000)
  region size 1024K, 1 young (1024K), 0 survivors (0K)
 Metaspace       used 41023K, committed 41472K, reserved 1114112K
  class space    used 5252K, committed 5440K, reserved 1048576K
GC Heap History (20 events):
Event: 133373.933 GC heap after
{Heap after GC invocations=3654 (full 3640):
 garbage-first heap   total 75776K, used 25248K [0x00000000c0000000, 0x0000000100000000)
  region size 1024K, 0 young (0K), 0 survivors (0K)
 Metaspace       used 41023K, committed 41472K, reserved 1114112K
  class space    used 5252K, committed 5440K, reserved 1048576K
}
Event: 133384.190 GC heap before
{Heap before GC invocations=3654 (full 3640):
 garbage-first heap   total 75776K, used 25248K [0x00000000c0000000, 0x0000000100000000)
  region size 1024K, 1 young (1024K), 0 survivors (0K)
 Metaspace       used 41023K, committed 41472K, reserved 1114112K
  class space    used 5252K, committed 5440K, reserved 1048576K
}
Event: 133384.219 GC heap after
{Heap after GC invocations=3655 (full 3641):
 garbage-first heap   total 75776K, used 25248K [0x00000000c0000000, 0x0000000100000000)
  region size 1024K, 0 young (0K), 0 survivors (0K)
 Metaspace       used 41023K, committed 41472K, reserved 1114112K
  class space    used 5252K, committed 5440K, reserved 1048576K
}
Event: 133394.476 GC heap before
{Heap before GC invocations=3655 (full 3641):
 garbage-first heap   total 75776K, used 25248K [0x00000000c0000000, 0x0000000100000000)
  region size 1024K, 1 young (1024K), 0 survivors (0K)
 Metaspace       used 41023K, committed 41472K, reserved 1114112K
  class space    used 5252K, committed 5440K, reserved 1048576K
}
Event: 133394.511 GC heap after
{Heap after GC invocations=3656 (full 3642):
 garbage-first heap   total 75776K, used 25248K [0x00000000c0000000, 0x0000000100000000)
  region size 1024K, 0 young (0K), 0 survivors (0K)
 Metaspace       used 41023K, committed 41472K, reserved 1114112K
  class space    used 5252K, committed 5440K, reserved 1048576K
}
Event: 133404.939 GC heap before
{Heap before GC invocations=3656 (full 3642):
 garbage-first heap   total 75776K, used 25248K [0x00000000c0000000, 0x0000000100000000)
  region size 1024K, 1 young (1024K), 0 survivors (0K)
 Metaspace       used 41023K, committed 41472K, reserved 1114112K
  class space    used 5252K, committed 5440K, reserved 1048576K
}
Event: 133404.985 GC heap after
{Heap after GC invocations=3657 (full 3643):
 garbage-first heap   total 75776K, used 25248K [0x00000000c0000000, 0x0000000100000000)
  region size 1024K, 0 young (0K), 0 survivors (0K)
 Metaspace       used 41023K, committed 41472K, reserved 1114112K
  class space    used 5252K, committed 5440K, reserved 1048576K
}
Event: 133415.419 GC heap before
{Heap before GC invocations=3657 (full 3643):
 garbage-first heap   total 75776K, used 25248K [0x00000000c0000000, 0x0000000100000000)
  region size 1024K, 1 young (1024K), 0 survivors (0K)
 Metaspace       used 41023K, committed 41472K, reserved 1114112K
  class space    used 5252K, committed 5440K, reserved 1048576K
}
Event: 133415.455 GC heap after
{Heap after GC invocations=3658 (full 3644):
 garbage-first heap   total 75776K, used 25248K [0x00000000c0000000, 0x0000000100000000)
  region size 1024K, 0 young (0K), 0 survivors (0K)
 Metaspace       used 41023K, committed 41472K, reserved 1114112K
  class space    used 5252K, committed 5440K, reserved 1048576K
}
Event: 133426.523 GC heap before
{Heap before GC invocations=3658 (full 3644):
 garbage-first heap   total 75776K, used 25248K [0x00000000c0000000, 0x0000000100000000)
  region size 1024K, 1 young (1024K), 0 survivors (0K)
 Metaspace       used 41023K, committed 41472K, reserved 1114112K
  class space    used 5252K, committed 5440K, reserved 1048576K
}
Event: 133426.563 GC heap after
{Heap after GC invocations=3659 (full 3645):
 garbage-first heap   total 75776K, used 25248K [0x00000000c0000000, 0x0000000100000000)
  region size 1024K, 0 young (0K), 0 survivors (0K)
 Metaspace       used 41023K, committed 41472K, reserved 1114112K
  class space    used 5252K, committed 5440K, reserved 1048576K
}
Event: 133437.246 GC heap before
{Heap before GC invocations=3659 (full 3645):
 garbage-first heap   total 75776K, used 25248K [0x00000000c0000000, 0x0000000100000000)
  region size 1024K, 1 young (1024K), 0 survivors (0K)
 Metaspace       used 41023K, committed 41472K, reserved 1114112K
  class space    used 5252K, committed 5440K, reserved 1048576K
}
Event: 133437.296 GC heap after
{Heap after GC invocations=3660 (full 3646):
 garbage-first heap   total 75776K, used 25248K [0x00000000c0000000, 0x0000000100000000)
  region size 1024K, 0 young (0K), 0 survivors (0K)
 Metaspace       used 41023K, committed 41472K, reserved 1114112K
  class space    used 5252K, committed 5440K, reserved 1048576K
}
Event: 133447.734 GC heap before
{Heap before GC invocations=3660 (full 3646):
 garbage-first heap   total 75776K, used 25248K [0x00000000c0000000, 0x0000000100000000)
  region size 1024K, 1 young (1024K), 0 survivors (0K)
 Metaspace       used 41023K, committed 41472K, reserved 1114112K
  class space    used 5252K, committed 5440K, reserved 1048576K
}
Event: 133447.785 GC heap after
{Heap after GC invocations=3661 (full 3647):
 garbage-first heap   total 75776K, used 25248K [0x00000000c0000000, 0x0000000100000000)
  region size 1024K, 0 young (0K), 0 survivors (0K)
 Metaspace       used 41023K, committed 41472K, reserved 1114112K
  class space    used 5252K, committed 5440K, reserved 1048576K
}
Event: 133458.365 GC heap before
{Heap before GC invocations=3661 (full 3647):
 garbage-first heap   total 75776K, used 25248K [0x00000000c0000000, 0x0000000100000000)
  region size 1024K, 1 young (1024K), 0 survivors (0K)
 Metaspace       used 41023K, committed 41472K, reserved 1114112K
  class space    used 5252K, committed 5440K, reserved 1048576K
}
Event: 133458.413 GC heap after
{Heap after GC invocations=3662 (full 3648):
 garbage-first heap   total 75776K, used 25248K [0x00000000c0000000, 0x0000000100000000)
  region size 1024K, 0 young (0K), 0 survivors (0K)
 Metaspace       used 41023K, committed 41472K, reserved 1114112K
  class space    used 5252K, committed 5440K, reserved 1048576K
}
Event: 133469.537 GC heap before
{Heap before GC invocations=3662 (full 3648):
 garbage-first heap   total 75776K, used 25248K [0x00000000c0000000, 0x0000000100000000)
  region size 1024K, 1 young (1024K), 0 survivors (0K)
 Metaspace       used 41023K, committed 41472K, reserved 1114112K
  class space    used 5252K, committed 5440K, reserved 1048576K
}
Event: 133469.578 GC heap after
{Heap after GC invocations=3663 (full 3649):
 garbage-first heap   total 75776K, used 25248K [0x00000000c0000000, 0x0000000100000000)
  region size 1024K, 0 young (0K), 0 survivors (0K)
 Metaspace       used 41023K, committed 41472K, reserved 1114112K
  class space    used 5252K, committed 5440K, reserved 1048576K
}
Event: 133480.361 GC heap before
{Heap before GC invocations=3663 (full 3649):
 garbage-first heap   total 75776K, used 25248K [0x00000000c0000000, 0x0000000100000000)
  region size 1024K, 1 young (1024K), 0 survivors (0K)
 Metaspace       used 41023K, committed 41472K, reserved 1114112K
  class space    used 5252K, committed 5440K, reserved 1048576K
}

