# JRE version: OpenJDK Runtime Environment Temurin-17.0.12+7 (17.0.12+7) (build 17.0.12+7)
# Java VM: OpenJDK 64-Bit Server VM Temurin-17.0.12+7 (17.0.12+7, mixed mode, emulated-client, tiered, compressed oops, compressed class ptrs, g1 gc, windows-amd64)
GC Precious Log:
 CPUs: 4 total, 4 available
 Memory: 8103M
 Large Page Support: Disabled
 NUMA Support: Disabled
 Compressed Oops: Enabled (32-bit)
 Heap Region Size: 1M
 Heap Min Capacity: 8M
 Heap Initial Capacity: 128M
 Heap Max Capacity: 1G
 Pre-touch: Disabled
 Parallel Workers: 4
 Concurrent Workers: 1
 Concurrent Refinement Workers: 4
 Periodic GC: Disabled
Heap:
 garbage-first heap   total 78848K, used 25275K [0x00000000c0000000, 0x0000000100000000)
  region size 1024K, 1 young (1024K), 0 survivors (0K)
 Metaspace       used 40974K, committed 41536K, reserved 1114112K
  class space    used 5238K, committed 5440K, reserved 1048576K
GC Heap History (20 events):
Event: 120909.006 GC heap after
{Heap after GC invocations=5819 (full 5809):
 garbage-first heap   total 78848K, used 25275K [0x00000000c0000000, 0x0000000100000000)
  region size 1024K, 0 young (0K), 0 survivors (0K)
 Metaspace       used 40974K, committed 41536K, reserved 1114112K
  class space    used 5238K, committed 5440K, reserved 1048576K
}
Event: 120919.252 GC heap before
{Heap before GC invocations=5819 (full 5809):
 garbage-first heap   total 78848K, used 25275K [0x00000000c0000000, 0x0000000100000000)
  region size 1024K, 1 young (1024K), 0 survivors (0K)
 Metaspace       used 40974K, committed 41536K, reserved 1114112K
  class space    used 5238K, committed 5440K, reserved 1048576K
}
Event: 120919.278 GC heap after
{Heap after GC invocations=5820 (full 5810):
 garbage-first heap   total 78848K, used 25275K [0x00000000c0000000, 0x0000000100000000)
  region size 1024K, 0 young (0K), 0 survivors (0K)
 Metaspace       used 40974K, committed 41536K, reserved 1114112K
  class space    used 5238K, committed 5440K, reserved 1048576K
}
Event: 120929.582 GC heap before
{Heap before GC invocations=5820 (full 5810):
 garbage-first heap   total 78848K, used 25275K [0x00000000c0000000, 0x0000000100000000)
  region size 1024K, 1 young (1024K), 0 survivors (0K)
 Metaspace       used 40974K, committed 41536K, reserved 1114112K
  class space    used 5238K, committed 5440K, reserved 1048576K
}
Event: 120929.619 GC heap after
{Heap after GC invocations=5821 (full 5811):
 garbage-first heap   total 78848K, used 25275K [0x00000000c0000000, 0x0000000100000000)
  region size 1024K, 0 young (0K), 0 survivors (0K)
 Metaspace       used 40974K, committed 41536K, reserved 1114112K
  class space    used 5238K, committed 5440K, reserved 1048576K
}
Event: 120939.941 GC heap before
{Heap before GC invocations=5821 (full 5811):
 garbage-first heap   total 78848K, used 25275K [0x00000000c0000000, 0x0000000100000000)
  region size 1024K, 1 young (1024K), 0 survivors (0K)
 Metaspace       used 40974K, committed 41536K, reserved 1114112K
  class space    used 5238K, committed 5440K, reserved 1048576K
}
Event: 120939.983 GC heap after
{Heap after GC invocations=5822 (full 5812):
 garbage-first heap   total 78848K, used 25275K [0x00000000c0000000, 0x0000000100000000)
  region size 1024K, 0 young (0K), 0 survivors (0K)
 Metaspace       used 40974K, committed 41536K, reserved 1114112K
  class space    used 5238K, committed 5440K, reserved 1048576K
}
Event: 120950.306 GC heap before
{Heap before GC invocations=5822 (full 5812):
 garbage-first heap   total 78848K, used 25275K [0x00000000c0000000, 0x0000000100000000)
  region size 1024K, 1 young (1024K), 0 survivors (0K)
 Metaspace       used 40974K, committed 41536K, reserved 1114112K
  class space    used 5238K, committed 5440K, reserved 1048576K
}
Event: 120950.344 GC heap after
{Heap after GC invocations=5823 (full 5813):
 garbage-first heap   total 78848K, used 25275K [0x00000000c0000000, 0x0000000100000000)
  region size 1024K, 0 young (0K), 0 survivors (0K)
 Metaspace       used 40974K, committed 41536K, reserved 1114112K
  class space    used 5238K, committed 5440K, reserved 1048576K
}
Event: 120960.858 GC heap before
{Heap before GC invocations=5823 (full 5813):
 garbage-first heap   total 78848K, used 25275K [0x00000000c0000000, 0x0000000100000000)
  region size 1024K, 1 young (1024K), 0 survivors (0K)
 Metaspace       used 40974K, committed 41536K, reserved 1114112K
  class space    used 5238K, committed 5440K, reserved 1048576K
}
Event: 120960.905 GC heap after
{Heap after GC invocations=5824 (full 5814):
 garbage-first heap   total 78848K, used 25275K [0x00000000c0000000, 0x0000000100000000)
  region size 1024K, 0 young (0K), 0 survivors (0K)
 Metaspace       used 40974K, committed 41536K, reserved 1114112K
  class space    used 5238K, committed 5440K, reserved 1048576K
}
Event: 120971.183 GC heap before
{Heap before GC invocations=5824 (full 5814):
 garbage-first heap   total 78848K, used 25275K [0x00000000c0000000, 0x0000000100000000)
  region size 1024K, 1 young (1024K), 0 survivors (0K)
 Metaspace       used 40974K, committed 41536K, reserved 1114112K
  class space    used 5238K, committed 5440K, reserved 1048576K
}
Event: 120971.217 GC heap after
{Heap after GC invocations=5825 (full 5815):
 garbage-first heap   total 78848K, used 25275K [0x00000000c0000000, 0x0000000100000000)
  region size 1024K, 0 young (0K), 0 survivors (0K)
 Metaspace       used 40974K, committed 41536K, reserved 1114112K
  class space    used 5238K, committed 5440K, reserved 1048576K
}
Event: 120981.447 GC heap before
{Heap before GC invocations=5825 (full 5815):
 garbage-first heap   total 78848K, used 25275K [0x00000000c0000000, 0x0000000100000000)
  region size 1024K, 1 young (1024K), 0 survivors (0K)
 Metaspace       used 40974K, committed 41536K, reserved 1114112K
  class space    used 5238K, committed 5440K, reserved 1048576K
}
Event: 120981.474 GC heap after
{Heap after GC invocations=5826 (full 5816):
 garbage-first heap   total 78848K, used 25275K [0x00000000c0000000, 0x0000000100000000)
  region size 1024K, 0 young (0K), 0 survivors (0K)
 Metaspace       used 40974K, committed 41536K, reserved 1114112K
  class space    used 5238K, committed 5440K, reserved 1048576K
}
Event: 120991.715 GC heap before
{Heap before GC invocations=5826 (full 5816):
 garbage-first heap   total 78848K, used 25275K [0x00000000c0000000, 0x0000000100000000)
  region size 1024K, 1 young (1024K), 0 survivors (0K)
 Metaspace       used 40974K, committed 41536K, reserved 1114112K
  class space    used 5238K, committed 5440K, reserved 1048576K
}
Event: 120991.744 GC heap after
{Heap after GC invocations=5827 (full 5817):
 garbage-first heap   total 78848K, used 25275K [0x00000000c0000000, 0x0000000100000000)
  region size 1024K, 0 young (0K), 0 survivors (0K)
 Metaspace       used 40974K, committed 41536K, reserved 1114112K
  class space    used 5238K, committed 5440K, reserved 1048576K
}
Event: 121002.303 GC heap before
{Heap before GC invocations=5827 (full 5817):
 garbage-first heap   total 78848K, used 25275K [0x00000000c0000000, 0x0000000100000000)
  region size 1024K, 1 young (1024K), 0 survivors (0K)
 Metaspace       used 40974K, committed 41536K, reserved 1114112K
  class space    used 5238K, committed 5440K, reserved 1048576K
}
Event: 121002.339 GC heap after
{Heap after GC invocations=5828 (full 5818):
 garbage-first heap   total 78848K, used 25275K [0x00000000c0000000, 0x0000000100000000)
  region size 1024K, 0 young (0K), 0 survivors (0K)
 Metaspace       used 40974K, committed 41536K, reserved 1114112K
  class space    used 5238K, committed 5440K, reserved 1048576K
}
Event: 121014.625 GC heap before
{Heap before GC invocations=5828 (full 5818):
 garbage-first heap   total 78848K, used 25275K [0x00000000c0000000, 0x0000000100000000)
  region size 1024K, 1 young (1024K), 0 survivors (0K)
 Metaspace       used 40974K, committed 41536K, reserved 1114112K
  class space    used 5238K, committed 5440K, reserved 1048576K
}

