# JRE version: OpenJDK Runtime Environment Temurin-17.0.12+7 (17.0.12+7) (build 17.0.12+7)
# Java VM: OpenJDK 64-Bit Server VM Temurin-17.0.12+7 (17.0.12+7, mixed mode, emulated-client, tiered, compressed oops, compressed class ptrs, g1 gc, windows-amd64)
GC Precious Log:
 CPUs: 4 total, 4 available
 Memory: 8103M
 Large Page Support: Disabled
 NUMA Support: Disabled
 Compressed Oops: Enabled (32-bit)
 Heap Region Size: 1M
 Heap Min Capacity: 8M
 Heap Initial Capacity: 128M
 Heap Max Capacity: 1G
 Pre-touch: Disabled
 Parallel Workers: 4
 Concurrent Workers: 1
 Concurrent Refinement Workers: 4
 Periodic GC: Disabled
Heap:
 garbage-first heap   total 97280K, used 31828K [0x00000000c0000000, 0x0000000100000000)
  region size 1024K, 1 young (1024K), 0 survivors (0K)
 Metaspace       used 59631K, committed 60480K, reserved 1114112K
  class space    used 7448K, committed 7808K, reserved 1048576K
GC Heap History (20 events):
Event: 72.648 GC heap after
{Heap after GC invocations=22 (full 1):
 garbage-first heap   total 97280K, used 43059K [0x00000000c0000000, 0x0000000100000000)
  region size 1024K, 0 young (0K), 0 survivors (0K)
 Metaspace       used 59864K, committed 60480K, reserved 1114112K
  class space    used 7498K, committed 7808K, reserved 1048576K
}
Event: 83.114 GC heap before
{Heap before GC invocations=22 (full 1):
 garbage-first heap   total 97280K, used 43059K [0x00000000c0000000, 0x0000000100000000)
  region size 1024K, 1 young (1024K), 0 survivors (0K)
 Metaspace       used 59864K, committed 60480K, reserved 1114112K
  class space    used 7498K, committed 7808K, reserved 1048576K
}
Event: 83.183 GC heap after
{Heap after GC invocations=23 (full 2):
 garbage-first heap   total 97280K, used 36884K [0x00000000c0000000, 0x0000000100000000)
  region size 1024K, 0 young (0K), 0 survivors (0K)
 Metaspace       used 59864K, committed 60480K, reserved 1114112K
  class space    used 7498K, committed 7808K, reserved 1048576K
}
Event: 143.571 GC heap before
{Heap before GC invocations=23 (full 2):
 garbage-first heap   total 97280K, used 36884K [0x00000000c0000000, 0x0000000100000000)
  region size 1024K, 1 young (1024K), 0 survivors (0K)
 Metaspace       used 59898K, committed 60480K, reserved 1114112K
  class space    used 7509K, committed 7808K, reserved 1048576K
}
Event: 143.640 GC heap after
{Heap after GC invocations=24 (full 3):
 garbage-first heap   total 97280K, used 36910K [0x00000000c0000000, 0x0000000100000000)
  region size 1024K, 0 young (0K), 0 survivors (0K)
 Metaspace       used 59882K, committed 60480K, reserved 1114112K
  class space    used 7506K, committed 7808K, reserved 1048576K
}
Event: 154.502 GC heap before
{Heap before GC invocations=24 (full 3):
 garbage-first heap   total 97280K, used 36910K [0x00000000c0000000, 0x0000000100000000)
  region size 1024K, 1 young (1024K), 0 survivors (0K)
 Metaspace       used 59882K, committed 60480K, reserved 1114112K
  class space    used 7506K, committed 7808K, reserved 1048576K
}
Event: 154.599 GC heap after
{Heap after GC invocations=25 (full 4):
 garbage-first heap   total 97280K, used 31828K [0x00000000c0000000, 0x0000000100000000)
  region size 1024K, 0 young (0K), 0 survivors (0K)
 Metaspace       used 59631K, committed 60480K, reserved 1114112K
  class space    used 7448K, committed 7808K, reserved 1048576K
}
Event: 165.035 GC heap before
{Heap before GC invocations=25 (full 4):
 garbage-first heap   total 97280K, used 31828K [0x00000000c0000000, 0x0000000100000000)
  region size 1024K, 1 young (1024K), 0 survivors (0K)
 Metaspace       used 59631K, committed 60480K, reserved 1114112K
  class space    used 7448K, committed 7808K, reserved 1048576K
}
Event: 165.088 GC heap after
{Heap after GC invocations=26 (full 5):
 garbage-first heap   total 97280K, used 31828K [0x00000000c0000000, 0x0000000100000000)
  region size 1024K, 0 young (0K), 0 survivors (0K)
 Metaspace       used 59631K, committed 60480K, reserved 1114112K
  class space    used 7448K, committed 7808K, reserved 1048576K
}
Event: 175.552 GC heap before
{Heap before GC invocations=26 (full 5):
 garbage-first heap   total 97280K, used 31828K [0x00000000c0000000, 0x0000000100000000)
  region size 1024K, 1 young (1024K), 0 survivors (0K)
 Metaspace       used 59631K, committed 60480K, reserved 1114112K
  class space    used 7448K, committed 7808K, reserved 1048576K
}
Event: 175.611 GC heap after
{Heap after GC invocations=27 (full 6):
 garbage-first heap   total 97280K, used 31828K [0x00000000c0000000, 0x0000000100000000)
  region size 1024K, 0 young (0K), 0 survivors (0K)
 Metaspace       used 59631K, committed 60480K, reserved 1114112K
  class space    used 7448K, committed 7808K, reserved 1048576K
}
Event: 185.888 GC heap before
{Heap before GC invocations=27 (full 6):
 garbage-first heap   total 97280K, used 31828K [0x00000000c0000000, 0x0000000100000000)
  region size 1024K, 1 young (1024K), 0 survivors (0K)
 Metaspace       used 59631K, committed 60480K, reserved 1114112K
  class space    used 7448K, committed 7808K, reserved 1048576K
}
Event: 185.933 GC heap after
{Heap after GC invocations=28 (full 7):
 garbage-first heap   total 97280K, used 31828K [0x00000000c0000000, 0x0000000100000000)
  region size 1024K, 0 young (0K), 0 survivors (0K)
 Metaspace       used 59631K, committed 60480K, reserved 1114112K
  class space    used 7448K, committed 7808K, reserved 1048576K
}
Event: 196.177 GC heap before
{Heap before GC invocations=28 (full 7):
 garbage-first heap   total 97280K, used 31828K [0x00000000c0000000, 0x0000000100000000)
  region size 1024K, 1 young (1024K), 0 survivors (0K)
 Metaspace       used 59631K, committed 60480K, reserved 1114112K
  class space    used 7448K, committed 7808K, reserved 1048576K
}
Event: 196.235 GC heap after
{Heap after GC invocations=29 (full 8):
 garbage-first heap   total 97280K, used 31828K [0x00000000c0000000, 0x0000000100000000)
  region size 1024K, 0 young (0K), 0 survivors (0K)
 Metaspace       used 59631K, committed 60480K, reserved 1114112K
  class space    used 7448K, committed 7808K, reserved 1048576K
}
Event: 206.589 GC heap before
{Heap before GC invocations=29 (full 8):
 garbage-first heap   total 97280K, used 31828K [0x00000000c0000000, 0x0000000100000000)
  region size 1024K, 1 young (1024K), 0 survivors (0K)
 Metaspace       used 59631K, committed 60480K, reserved 1114112K
  class space    used 7448K, committed 7808K, reserved 1048576K
}
Event: 206.649 GC heap after
{Heap after GC invocations=30 (full 9):
 garbage-first heap   total 97280K, used 31828K [0x00000000c0000000, 0x0000000100000000)
  region size 1024K, 0 young (0K), 0 survivors (0K)
 Metaspace       used 59631K, committed 60480K, reserved 1114112K
  class space    used 7448K, committed 7808K, reserved 1048576K
}
Event: 218.814 GC heap before
{Heap before GC invocations=30 (full 9):
 garbage-first heap   total 97280K, used 31828K [0x00000000c0000000, 0x0000000100000000)
  region size 1024K, 1 young (1024K), 0 survivors (0K)
 Metaspace       used 59631K, committed 60480K, reserved 1114112K
  class space    used 7448K, committed 7808K, reserved 1048576K
}
Event: 218.874 GC heap after
{Heap after GC invocations=31 (full 10):
 garbage-first heap   total 97280K, used 31828K [0x00000000c0000000, 0x0000000100000000)
  region size 1024K, 0 young (0K), 0 survivors (0K)
 Metaspace       used 59631K, committed 60480K, reserved 1114112K
  class space    used 7448K, committed 7808K, reserved 1048576K
}
Event: 229.762 GC heap before
{Heap before GC invocations=31 (full 10):
 garbage-first heap   total 97280K, used 31828K [0x00000000c0000000, 0x0000000100000000)
  region size 1024K, 1 young (1024K), 0 survivors (0K)
 Metaspace       used 59631K, committed 60480K, reserved 1114112K
  class space    used 7448K, committed 7808K, reserved 1048576K
}

